Content-Type: text/plain; charset="utf-8"
MIME-Version: 1.0
Content-Transfer-Encoding: 7bit
Subject: """[EC#1\1] Amy K replied: Let's have burger"""Amy K: its me
 again...[EC#1\1] replied to: not printed#swemail
From: test-organisation@econsensus.org
To: qw236@cam.ac.uk
Date: Thu, 25 Jun 2015 15:32:15 -0000
Auto-Submitted: auto-generated
Message-ID: comment-3@127.0.0.1:8000
Precedence: bulk
In-Reply-To: <feedback-1@127.0.0.1:8000>


Comment from Amy K: on Feedback #1 (http://127.0.0.1:8000/item/detail/1/):

   -----------------------------------------------------------------
its me again
   -----------------------------------------------------------------

To view this on the website: http://127.0.0.1:8000/item/detail/1/

You are receiving this mail because you are signed up to the localhost 
Econsensus service and you are subscribed to this item. To change your subscription, use the link above.




# Amy K

To see other notices or change how you receive notifications, please go to http://127.0.0.1:8000/notification/.


-------------------------------------------------------------------------------
