Content-Type: text/plain; charset="utf-8"
MIME-Version: 1.0
Content-Transfer-Encoding: 7bit
Subject: [EC#1\3] test2 replied to: Where should we go for lunch?#swemail
From: test-organisation@econsensus.org
To: qw236@cam.ac.uk
Date: Thu, 25 Jun 2015 16:18:55 -0000
Auto-Submitted: auto-generated
Message-ID: comment-12@127.0.0.1:8000
Precedence: bulk
In-Reply-To: <feedback-3@127.0.0.1:8000>


Comment from test2 on Feedback #3 (http://127.0.0.1:8000/item/detail/1/):

   -----------------------------------------------------------------
try this

   -----------------------------------------------------------------

To view this on the website: http://127.0.0.1:8000/item/detail/1/

You are receiving this mail because you are signed up to the localhost 
Econsensus service and you are subscribed to this item. To change your subscription, use the link above.


To see other notices or change how you receive notifications, please go to http://127.0.0.1:8000/notification/.


-------------------------------------------------------------------------------
