Content-Type: text/plain; charset="utf-8"
MIME-Version: 1.0
Content-Transfer-Encoding: 7bit
Subject: [EC#1\2] test2 changed your feedback.
From: test-organisation@econsensus.org
To: hhsw2@cam.ac.uk
Date: Thu, 25 Jun 2015 16:12:43 -0000
Auto-Submitted: auto-generated
Message-ID: <feedback-2@127.0.0.1:8000>
References: <decision-1@127.0.0.1:8000> <feedback-2@127.0.0.1:8000>
Precedence: bulk
In-Reply-To: <decision-1@127.0.0.1:8000>


User test2 changed your feedback.

Comment

"Let's have sushi! sushi sushi sushi"

   -----------------------------------------------------------------

To view this on the website: http://127.0.0.1:8000/item/detail/1/

To leave your own feedback comment just reply to this email, making sure to remove any quoted reply text.

To indicate the type of feedback you're leaving put
Question:
Danger:
Concerns:
Consent:
Comment:
at the start of your email.

You are receiving this mail because you are signed up to the localhost 
Econsensus service and you are subscribed to this item. To change your subscription, use the link above.


To see other notices or change how you receive notifications, please go to http://127.0.0.1:8000/notification/.


-------------------------------------------------------------------------------
