Content-Type: text/plain; charset="utf-8"
MIME-Version: 1.0
Content-Transfer-Encoding: 7bit
Subject: """[EC#1\4] Amy K Concerns: Where should we go for lunch?"""[EC#1\4] test2
 Concerns on Where should we go for lunch?#swemail 
From: test-organisation@econsensus.org
To: qw236@cam.ac.uk
Date: Thu, 25 Jun 2015 15:36:26 -0000
Auto-Submitted: auto-generated
Message-ID: <feedback-4@127.0.0.1:8000>
References: <decision-1@127.0.0.1:8000> <feedback-4@127.0.0.1:8000>
Precedence: bulk
In-Reply-To: <decision-1@127.0.0.1:8000>


Feedback from test2: Concerns on Where should we go for lunch? (http://127.0.0.1:8000/item/detail/1/):

   -----------------------------------------------------------------
Im hungry...

Feedback object


   -----------------------------------------------------------------

To view this on the website: http://127.0.0.1:8000/item/detail/1/

To leave your own feedback against this issue just reply to this email, making sure to remove any quoted reply text.

To indicate the type of feedback you're leaving put
Question:
Danger:
Concerns:
Consent:
Comment:
at the start of your email.

To leave a comment against this feedback just reply to this email, removing any quoted reply text and not providing a feedback type (as described above). 

You are receiving this mail because you are signed up to the localhost 
Econsensus service and you are subscribed to this item. To change your subscription, use the link above.


To see other notices or change how you receive notifications, please go to http://127.0.0.1:8000/notification/.


-------------------------------------------------------------------------------
