Content-Type: text/plain; charset="utf-8"
MIME-Version: 1.0
Content-Transfer-Encoding: 7bit
Subject: [EC#1]-> Archived: Where should we go for lunch?
From: test-organisation@econsensus.org
To: qw236@cam.ac.uk
Date: Sat, 27 Jun 2015 09:50:28 -0000
Auto-Submitted: auto-generated
Message-ID: <decision-1@127.0.0.1:8000>
Precedence: bulk


test2 has moved an item from "Discussion" to "Archived"

"Where should we go for lunch?"

   -----------------------------------------------------------------

To view this on the website: http://127.0.0.1:8000/item/detail/1/

To leave a feedback comment via email just reply to this email, making sure to remove any quoted reply text.

To indicate the type of feedback you're leaving put
Question:
Danger:
Concerns:
Consent:
Comment:
at the start of your email.

You are receiving this mail because you are signed up to the localhost 
Econsensus service and you are subscribed to this item. To change your subscription, use the link above.


To see other notices or change how you receive notifications, please go to http://127.0.0.1:8000/notification/.


-------------------------------------------------------------------------------
