Content-Type: text/plain; charset="utf-8"
MIME-Version: 1.0
Content-Transfer-Encoding: 7bit
Subject: [EC#1\2] test2 replied to: #swemail
From: test-organisation@econsensus.org
To: qw236@cam.ac.uk
Date: Thu, 25 Jun 2015 15:52:13 -0000
Auto-Submitted: auto-generated
Message-ID: comment-8@127.0.0.1:8000
Precedence: bulk
In-Reply-To: <feedback-2@127.0.0.1:8000>


Comment from test2 on Feedback #2 (http://127.0.0.1:8000/item/detail/1/):

   -----------------------------------------------------------------
but i should be alright

   -----------------------------------------------------------------

To view this on the website: http://127.0.0.1:8000/item/detail/1/

You are receiving this mail because you are signed up to the localhost 
Econsensus service and you are subscribed to this item. To change your subscription, use the link above.




# Amy K

To see other notices or change how you receive notifications, please go to http://127.0.0.1:8000/notification/.


-------------------------------------------------------------------------------
